C:\Users\FBW\PycharmProjects\latent_ode\run_models.py
run_models.py --dataset activity --sde-rnn --niters 5 -n 1000 -l 20 --rec-dims 50 --rec-layers 2 --gen-layers 2 --units 32 --gru-units 50 --classif --linear-classif
Experiment 40797
Epoch 0001 [Test seq (cond on sampled tp)] | Loss 1.332933 | Likelihood -19567.917969 | KL fp 0.0000 | FP STD 0.0000|
KL coef: 0.0
Train loss (one batch): 1.3744983673095703
Train CE loss (one batch): 1.3744983673095703
Test MSE: 3.9143
Classification accuracy (TEST): 0.5197
Poisson likelihood: 0.0
CE loss: 1.3329333066940308
Experiment 40797
Epoch 0002 [Test seq (cond on sampled tp)] | Loss 0.839397 | Likelihood -19725.031250 | KL fp 0.0000 | FP STD 0.0000|
KL coef: 0.0
Train loss (one batch): 0.9030472636222839
Train CE loss (one batch): 0.9030472636222839
Test MSE: 3.9457
Classification accuracy (TEST): 0.7169
Poisson likelihood: 0.0
CE loss: 0.8393968343734741
Experiment 40797
Epoch 0003 [Test seq (cond on sampled tp)] | Loss 0.768293 | Likelihood -19680.697266 | KL fp 0.0000 | FP STD 0.0000|
KL coef: 0.0
Train loss (one batch): 0.6941704154014587
Train CE loss (one batch): 0.6941704154014587
Test MSE: 3.9369
Classification accuracy (TEST): 0.7201
Poisson likelihood: 0.0
CE loss: 0.7682928442955017
Experiment 40797
Epoch 0004 [Test seq (cond on sampled tp)] | Loss 0.608327 | Likelihood -19630.773438 | KL fp 0.0000 | FP STD 0.0000|
KL coef: 0.0
Train loss (one batch): 0.6069410443305969
Train CE loss (one batch): 0.6069410443305969
Test MSE: 3.9269
Classification accuracy (TEST): 0.7670
Poisson likelihood: 0.0
CE loss: 0.6083265542984009
Experiment 40797
Epoch 0005 [Test seq (cond on sampled tp)] | Loss 0.586024 | Likelihood -19643.607422 | KL fp 0.0000 | FP STD 0.0000|
KL coef: 0.0
Train loss (one batch): 0.5999490022659302
Train CE loss (one batch): 0.5999490022659302
Test MSE: 3.9295
Classification accuracy (TEST): 0.7865
Poisson likelihood: 0.0
CE loss: 0.5860236287117004
